\BOOKMARK [0][]{FrontPage.0}{Front Page}{}% 1
\BOOKMARK [0][]{TitlePage.0}{Title Page}{}% 2
\BOOKMARK [0][]{theabsanchor-english.0}{Abstract}{}% 3
\BOOKMARK [0][]{theackanchor.0}{Acknowledgments}{}% 4
\BOOKMARK [0][]{thetocanchor.0}{Contents}{}% 5
\BOOKMARK [0][]{chapter.1}{1 Introduction}{}% 6
\BOOKMARK [1][-]{section.1.1}{1.1 The main question in this thesis}{chapter.1}% 7
\BOOKMARK [1][-]{section.1.2}{1.2 Background of quantum mechanics}{chapter.1}% 8
\BOOKMARK [2][-]{subsection.1.2.1}{1.2.1 The origin of quantum mechanics}{section.1.2}% 9
\BOOKMARK [2][-]{subsection.1.2.2}{1.2.2 Dirac bra-ket notation}{section.1.2}% 10
\BOOKMARK [2][-]{subsection.1.2.3}{1.2.3 Operator formalism}{section.1.2}% 11
\BOOKMARK [2][-]{subsection.1.2.4}{1.2.4 Commutating operators}{section.1.2}% 12
\BOOKMARK [2][-]{subsection.1.2.5}{1.2.5 Finite dimentional quantum-states}{section.1.2}% 13
\BOOKMARK [2][-]{subsection.1.2.6}{1.2.6 Bloch Sphere}{section.1.2}% 14
\BOOKMARK [1][-]{section.1.3}{1.3 Non-contextuality inequalities}{chapter.1}% 15
\BOOKMARK [2][-]{subsection.1.3.1}{1.3.1 What is contextuality?}{section.1.3}% 16
\BOOKMARK [2][-]{subsection.1.3.2}{1.3.2 How do we get the contextual inequalities?}{section.1.3}% 17
\BOOKMARK [2][-]{subsection.1.3.3}{1.3.3 The CHSH inequality}{section.1.3}% 18
\BOOKMARK [2][-]{subsection.1.3.4}{1.3.4 Kochen\205Specker theorem}{section.1.3}% 19
\BOOKMARK [2][-]{subsection.1.3.5}{1.3.5 The inequality}{section.1.3}% 20
\BOOKMARK [0][]{chapter.2}{2 Method}{}% 21
\BOOKMARK [1][-]{section.2.1}{2.1 Evaluating the inequality}{chapter.2}% 22
\BOOKMARK [2][-]{subsection.2.1.1}{2.1.1 Choosing vectors}{section.2.1}% 23
\BOOKMARK [2][-]{subsection.2.1.2}{2.1.2 The inequality}{section.2.1}% 24
\BOOKMARK [0][]{chapter.3}{3 Results}{}% 25
\BOOKMARK [1][-]{section.3.1}{3.1 Pentagram produced by the vectors}{chapter.3}% 26
\BOOKMARK [2][-]{subsection.3.1.1}{3.1.1 Violation of the inequality}{section.3.1}% 27
\BOOKMARK [1][-]{section.3.2}{3.2 Producing more pentagrams}{chapter.3}% 28
\BOOKMARK [1][-]{section.3.3}{3.3 Producing even more pentagrams}{chapter.3}% 29
\BOOKMARK [2][-]{subsection.3.3.1}{3.3.1 In the sphere covered?}{section.3.3}% 30
\BOOKMARK [0][]{chapter.4}{4 Discussion}{}% 31
\BOOKMARK [1][-]{section.4.1}{4.1 Was the sphere covered by inequalities?}{chapter.4}% 32
\BOOKMARK [2][-]{subsection.4.1.1}{4.1.1 What does this imply?}{section.4.1}% 33
\BOOKMARK [0][]{chapter.5}{5 Conclusions}{}% 34
\BOOKMARK [1][-]{section.5.1}{5.1 Conclusion}{chapter.5}% 35
\BOOKMARK [1][-]{section.5.2}{5.2 Further research to be done}{chapter.5}% 36
\BOOKMARK [2][-]{subsection.5.2.1}{5.2.1 Calculating with complex coefficients}{section.5.2}% 37
\BOOKMARK [2][-]{subsection.5.2.2}{5.2.2 Other spin systems}{section.5.2}% 38
\BOOKMARK [0][]{appendix.A}{A Calculations}{}% 39
\BOOKMARK [1][-]{section.A.1}{A.1 Finding the non-contextual area}{appendix.A}% 40
\BOOKMARK [0][]{appendix*.17}{Bibliography}{}% 41
\BOOKMARK [0][]{Copyright.0}{Copyright}{}% 42
